2025-02-16 19:10:09,340 - database - INFO - Database connection pool created successfully
2025-02-16 19:11:16,613 - database - INFO - Database connection pool closed
2025-02-16 19:11:26,485 - database - INFO - Database connection pool created successfully
2025-02-16 19:12:01,406 - database - INFO - Database connection pool created successfully
2025-02-16 19:12:44,166 - database - INFO - Database connection pool created successfully
2025-02-16 19:12:51,764 - database - ERROR - Database operation failed: (1054, "Unknown column 'waenmoon' in 'where clause'")
2025-02-16 19:14:35,857 - database - INFO - Database connection pool created successfully
2025-02-16 19:14:43,839 - database - ERROR - Database operation failed: (1064, "You have an error in your SQL syntax; check the manual that corresponds to your MySQL server version for the right syntax to use near '19:14:43.838139' at line 1")
2025-02-16 19:16:06,935 - database - INFO - Database connection pool created successfully
2025-02-16 19:16:14,112 - database - ERROR - Database operation failed: (1064, "You have an error in your SQL syntax; check the manual that corresponds to your MySQL server version for the right syntax to use near '' at line 1")
2025-02-16 19:18:16,258 - database - INFO - Database connection pool created successfully
2025-02-16 19:18:24,072 - database - ERROR - Database operation failed: (1064, "You have an error in your SQL syntax; check the manual that corresponds to your MySQL server version for the right syntax to use near '' at line 1")
2025-02-16 19:18:55,658 - database - INFO - Database connection pool created successfully
2025-02-16 19:19:02,708 - database - ERROR - Database operation failed: (1054, "Unknown column 'waiting' in 'field list'")
2025-02-16 19:19:29,640 - database - INFO - Database connection pool created successfully
2025-02-16 19:23:36,580 - database - INFO - Database connection pool created successfully
2025-02-16 19:24:13,104 - database - INFO - Database connection pool created successfully
2025-02-16 19:24:43,349 - database - INFO - Database connection pool created successfully
2025-02-16 19:24:53,610 - database - ERROR - Database operation failed: (1064, "You have an error in your SQL syntax; check the manual that corresponds to your MySQL server version for the right syntax to use near ') AND user2 IN (2040304896, 905354939)' at line 1")
2025-02-16 19:27:09,698 - database - INFO - Database connection pool created successfully
2025-02-16 19:27:18,832 - database - ERROR - Database operation failed: (1054, "Unknown column 'user1' in 'where clause'")
2025-02-16 19:27:50,140 - database - INFO - Database connection pool created successfully
2025-02-16 19:48:31,239 - database - INFO - Database connection pool created successfully
2025-02-16 19:48:44,294 - database - ERROR - Database operation failed: (1241, 'Operand should contain 1 column(s)')
2025-02-16 19:49:48,891 - database - INFO - Database connection pool created successfully
2025-02-16 19:49:55,646 - database - ERROR - Database operation failed: (1241, 'Operand should contain 1 column(s)')
2025-02-16 19:50:38,079 - database - INFO - Database connection pool created successfully
2025-02-16 19:53:34,102 - database - INFO - Database connection pool closed
2025-02-16 19:54:47,223 - database - INFO - Database connection pool created successfully
2025-02-16 19:57:31,550 - database - INFO - Database connection pool created successfully
2025-02-16 20:05:49,297 - database - INFO - Database connection pool created successfully
2025-02-16 20:07:58,852 - database - INFO - Database connection pool closed
2025-02-16 20:08:20,505 - database - INFO - Database connection pool created successfully
2025-02-16 20:09:20,377 - database - INFO - Database connection pool closed
2025-02-16 20:11:03,182 - database - INFO - Database connection pool created successfully
2025-02-16 20:12:22,718 - database - INFO - Database connection pool created successfully
2025-02-16 20:13:21,016 - database - INFO - Database connection pool closed
2025-02-16 20:14:01,285 - database - INFO - Database connection pool created successfully
2025-02-16 20:14:29,104 - database - INFO - Database connection pool closed
2025-02-16 20:28:54,830 - database - INFO - Database connection pool created successfully
2025-02-16 20:35:38,712 - database - INFO - Database connection pool closed
2025-02-16 20:40:56,279 - database - INFO - Database connection pool created successfully
2025-02-16 20:41:24,401 - database - INFO - Database connection pool created successfully
2025-02-16 20:41:46,720 - database - INFO - Database connection pool closed
2025-02-16 21:02:50,024 - database - INFO - Database connection pool created successfully
2025-02-16 21:03:26,014 - database - INFO - Database connection pool created successfully
2025-02-16 21:04:23,905 - database - INFO - Database connection pool created successfully
2025-02-16 21:07:19,440 - database - INFO - Database connection pool created successfully
2025-02-16 21:08:39,951 - database - INFO - Database connection pool closed
2025-02-16 21:08:47,675 - database - INFO - Database connection pool created successfully
2025-02-16 21:09:37,340 - database - INFO - Database connection pool created successfully
2025-02-16 21:10:46,538 - database - INFO - Database connection pool created successfully
2025-02-16 21:11:04,082 - database - INFO - Database connection pool closed
2025-02-16 21:11:09,930 - database - INFO - Database connection pool created successfully
2025-02-16 21:11:50,118 - database - INFO - Database connection pool created successfully
2025-02-16 21:12:24,463 - database - INFO - Database connection pool closed
2025-02-16 21:12:31,946 - database - INFO - Database connection pool created successfully
2025-02-16 21:13:00,036 - database - INFO - Database connection pool created successfully
2025-02-16 21:14:33,172 - database - INFO - Database connection pool closed
2025-02-16 21:15:07,767 - database - INFO - Database connection pool created successfully
2025-02-16 21:17:27,108 - database - INFO - Database connection pool closed
2025-02-16 21:17:47,101 - database - INFO - Database connection pool created successfully
2025-02-16 21:18:11,175 - database - INFO - Database connection pool closed
